<?xml version="1.0" encoding="UTF-8"?>
<testsuite name="com.bridgelabz.UserRegistrationJunitTest" tests="22" skipped="0" failures="2" errors="0" timestamp="2021-06-02T02:21:42" hostname="SHWETA29" time="0.175">
  <properties/>
  <testcase name="givenPassword_WhenPasswordHaveAtLeastOneSpecialCharacter_ShouldReturnTrue" classname="com.bridgelabz.UserRegistrationJunitTest" time="0.06"/>
  <testcase name="givenEmail_WhenStartsWithCapitalLetter_ShouldReturnFalse" classname="com.bridgelabz.UserRegistrationJunitTest" time="0.023">
    <failure message="java.lang.AssertionError" type="java.lang.AssertionError">java.lang.AssertionError
	at org.junit.Assert.fail(Assert.java:86)
	at org.junit.Assert.assertTrue(Assert.java:41)
	at org.junit.Assert.assertTrue(Assert.java:52)
	at com.bridgelabz.UserRegistrationJunitTest.givenEmail_WhenStartsWithCapitalLetter_ShouldReturnFalse(UserRegistrationJunitTest.java:68)
	at java.base/jdk.internal.reflect.NativeMethodAccessorImpl.invoke0(Native Method)
	at java.base/jdk.internal.reflect.NativeMethodAccessorImpl.invoke(NativeMethodAccessorImpl.java:62)
	at java.base/jdk.internal.reflect.DelegatingMethodAccessorImpl.invoke(DelegatingMethodAccessorImpl.java:43)
	at java.base/java.lang.reflect.Method.invoke(Method.java:566)
	at org.junit.runners.model.FrameworkMethod$1.runReflectiveCall(FrameworkMethod.java:50)
	at org.junit.internal.runners.model.ReflectiveCallable.run(ReflectiveCallable.java:12)
	at org.junit.runners.model.FrameworkMethod.invokeExplosively(FrameworkMethod.java:47)
	at org.junit.internal.runners.statements.InvokeMethod.evaluate(InvokeMethod.java:17)
	at org.junit.runners.ParentRunner.runLeaf(ParentRunner.java:325)
	at org.junit.runners.BlockJUnit4ClassRunner.runChild(BlockJUnit4ClassRunner.java:78)
	at org.junit.runners.BlockJUnit4ClassRunner.runChild(BlockJUnit4ClassRunner.java:57)
	at org.junit.runners.ParentRunner$3.run(ParentRunner.java:290)
	at org.junit.runners.ParentRunner$1.schedule(ParentRunner.java:71)
	at org.junit.runners.ParentRunner.runChildren(ParentRunner.java:288)
	at org.junit.runners.ParentRunner.access$000(ParentRunner.java:58)
	at org.junit.runners.ParentRunner$2.evaluate(ParentRunner.java:268)
	at org.junit.runners.ParentRunner.run(ParentRunner.java:363)
	at org.gradle.api.internal.tasks.testing.junit.JUnitTestClassExecutor.runTestClass(JUnitTestClassExecutor.java:110)
	at org.gradle.api.internal.tasks.testing.junit.JUnitTestClassExecutor.execute(JUnitTestClassExecutor.java:58)
	at org.gradle.api.internal.tasks.testing.junit.JUnitTestClassExecutor.execute(JUnitTestClassExecutor.java:38)
	at org.gradle.api.internal.tasks.testing.junit.AbstractJUnitTestClassProcessor.processTestClass(AbstractJUnitTestClassProcessor.java:62)
	at org.gradle.api.internal.tasks.testing.SuiteTestClassProcessor.processTestClass(SuiteTestClassProcessor.java:51)
	at java.base/jdk.internal.reflect.NativeMethodAccessorImpl.invoke0(Native Method)
	at java.base/jdk.internal.reflect.NativeMethodAccessorImpl.invoke(NativeMethodAccessorImpl.java:62)
	at java.base/jdk.internal.reflect.DelegatingMethodAccessorImpl.invoke(DelegatingMethodAccessorImpl.java:43)
	at java.base/java.lang.reflect.Method.invoke(Method.java:566)
	at org.gradle.internal.dispatch.ReflectionDispatch.dispatch(ReflectionDispatch.java:36)
	at org.gradle.internal.dispatch.ReflectionDispatch.dispatch(ReflectionDispatch.java:24)
	at org.gradle.internal.dispatch.ContextClassLoaderDispatch.dispatch(ContextClassLoaderDispatch.java:33)
	at org.gradle.internal.dispatch.ProxyDispatchAdapter$DispatchingInvocationHandler.invoke(ProxyDispatchAdapter.java:94)
	at com.sun.proxy.$Proxy2.processTestClass(Unknown Source)
	at org.gradle.api.internal.tasks.testing.worker.TestWorker.processTestClass(TestWorker.java:119)
	at java.base/jdk.internal.reflect.NativeMethodAccessorImpl.invoke0(Native Method)
	at java.base/jdk.internal.reflect.NativeMethodAccessorImpl.invoke(NativeMethodAccessorImpl.java:62)
	at java.base/jdk.internal.reflect.DelegatingMethodAccessorImpl.invoke(DelegatingMethodAccessorImpl.java:43)
	at java.base/java.lang.reflect.Method.invoke(Method.java:566)
	at org.gradle.internal.dispatch.ReflectionDispatch.dispatch(ReflectionDispatch.java:36)
	at org.gradle.internal.dispatch.ReflectionDispatch.dispatch(ReflectionDispatch.java:24)
	at org.gradle.internal.remote.internal.hub.MessageHubBackedObjectConnection$DispatchWrapper.dispatch(MessageHubBackedObjectConnection.java:182)
	at org.gradle.internal.remote.internal.hub.MessageHubBackedObjectConnection$DispatchWrapper.dispatch(MessageHubBackedObjectConnection.java:164)
	at org.gradle.internal.remote.internal.hub.MessageHub$Handler.run(MessageHub.java:414)
	at org.gradle.internal.concurrent.ExecutorPolicy$CatchAndRecordFailures.onExecute(ExecutorPolicy.java:64)
	at org.gradle.internal.concurrent.ManagedExecutorImpl$1.run(ManagedExecutorImpl.java:48)
	at java.base/java.util.concurrent.ThreadPoolExecutor.runWorker(ThreadPoolExecutor.java:1128)
	at java.base/java.util.concurrent.ThreadPoolExecutor$Worker.run(ThreadPoolExecutor.java:628)
	at org.gradle.internal.concurrent.ThreadFactoryImpl$ManagedThreadRunnable.run(ThreadFactoryImpl.java:56)
	at java.base/java.lang.Thread.run(Thread.java:834)
</failure>
  </testcase>
  <testcase name="givenFirstName_ShouldReturn_False" classname="com.bridgelabz.UserRegistrationJunitTest" time="0.001"/>
  <testcase name="givenFirstName_ShouldReturn_True" classname="com.bridgelabz.UserRegistrationJunitTest" time="0.001"/>
  <testcase name="givenPassword_WhenContainOneUpperCase_ShouldReturnTrue" classname="com.bridgelabz.UserRegistrationJunitTest" time="0.002"/>
  <testcase name="givenLastName_WhenDoNotReturnMinThreeLetters_ShouldReturnFalse" classname="com.bridgelabz.UserRegistrationJunitTest" time="0.012"/>
  <testcase name="givenEmail_WhenStartsWithSmallLetter_ShouldReturnTrue" classname="com.bridgelabz.UserRegistrationJunitTest" time="0.006"/>
  <testcase name="givenEmail_WhenEndsWithComOrIn_ShouldReturnTrue" classname="com.bridgelabz.UserRegistrationJunitTest" time="0.004"/>
  <testcase name="givenPhoneNumber_WhenHaseTenDigitNumber_ShouldReturnTrue" classname="com.bridgelabz.UserRegistrationJunitTest" time="0.001"/>
  <testcase name="givenFirstName_WhenDoNotReturnMinThreeLetters_ShouldReturnFalse" classname="com.bridgelabz.UserRegistrationJunitTest" time="0.001"/>
  <testcase name="givenPassword_WhenPasswordDoNotHaveAnySpecialCharacter_ShouldReturnFalse" classname="com.bridgelabz.UserRegistrationJunitTest" time="0.008"/>
  <testcase name="givenPhoneNumber_WhenDoNotHaveTenDigitNumber_ShouldReturnFalse" classname="com.bridgelabz.UserRegistrationJunitTest" time="0.002"/>
  <testcase name="givenEmail_WhenDoNotEndsWithComOrIn_ShouldReturnFalse" classname="com.bridgelabz.UserRegistrationJunitTest" time="0.002"/>
  <testcase name="givenPhoneNumber_WhenDoesNotFollowedByCountryCode_ShouldReturnFalse" classname="com.bridgelabz.UserRegistrationJunitTest" time="0.0"/>
  <testcase name="givenLastName_WhenStartWithCapitalLetters_ShouldReturnTrue" classname="com.bridgelabz.UserRegistrationJunitTest" time="0.0"/>
  <testcase name="givenLastName_WhenDoNotStartWithCapitalLetters_ShouldReturnFalse" classname="com.bridgelabz.UserRegistrationJunitTest" time="0.005"/>
  <testcase name="givenPhoneNumber_WhenFollowedByCountryCode_ShouldReturnTrue" classname="com.bridgelabz.UserRegistrationJunitTest" time="0.001"/>
  <testcase name="givenPassword_WhenContainsOneNumericNumber_ShouldReturnTrue" classname="com.bridgelabz.UserRegistrationJunitTest" time="0.013"/>
  <testcase name="givenPassword_WhenIsMinimumEightDigit_ShouldReturnTrue" classname="com.bridgelabz.UserRegistrationJunitTest" time="0.001"/>
  <testcase name="givenPassword_WhenDoNotContainOneNumericNumber_ShouldReturnFalse" classname="com.bridgelabz.UserRegistrationJunitTest" time="0.001"/>
  <testcase name="givenPassword_WhenDoNotContainMinimumEightDigit_ShouldReturnFalse" classname="com.bridgelabz.UserRegistrationJunitTest" time="0.002">
    <failure message="java.lang.AssertionError" type="java.lang.AssertionError">java.lang.AssertionError
	at org.junit.Assert.fail(Assert.java:86)
	at org.junit.Assert.assertTrue(Assert.java:41)
	at org.junit.Assert.assertTrue(Assert.java:52)
	at com.bridgelabz.UserRegistrationJunitTest.givenPassword_WhenDoNotContainMinimumEightDigit_ShouldReturnFalse(UserRegistrationJunitTest.java:130)
	at java.base/jdk.internal.reflect.NativeMethodAccessorImpl.invoke0(Native Method)
	at java.base/jdk.internal.reflect.NativeMethodAccessorImpl.invoke(NativeMethodAccessorImpl.java:62)
	at java.base/jdk.internal.reflect.DelegatingMethodAccessorImpl.invoke(DelegatingMethodAccessorImpl.java:43)
	at java.base/java.lang.reflect.Method.invoke(Method.java:566)
	at org.junit.runners.model.FrameworkMethod$1.runReflectiveCall(FrameworkMethod.java:50)
	at org.junit.internal.runners.model.ReflectiveCallable.run(ReflectiveCallable.java:12)
	at org.junit.runners.model.FrameworkMethod.invokeExplosively(FrameworkMethod.java:47)
	at org.junit.internal.runners.statements.InvokeMethod.evaluate(InvokeMethod.java:17)
	at org.junit.runners.ParentRunner.runLeaf(ParentRunner.java:325)
	at org.junit.runners.BlockJUnit4ClassRunner.runChild(BlockJUnit4ClassRunner.java:78)
	at org.junit.runners.BlockJUnit4ClassRunner.runChild(BlockJUnit4ClassRunner.java:57)
	at org.junit.runners.ParentRunner$3.run(ParentRunner.java:290)
	at org.junit.runners.ParentRunner$1.schedule(ParentRunner.java:71)
	at org.junit.runners.ParentRunner.runChildren(ParentRunner.java:288)
	at org.junit.runners.ParentRunner.access$000(ParentRunner.java:58)
	at org.junit.runners.ParentRunner$2.evaluate(ParentRunner.java:268)
	at org.junit.runners.ParentRunner.run(ParentRunner.java:363)
	at org.gradle.api.internal.tasks.testing.junit.JUnitTestClassExecutor.runTestClass(JUnitTestClassExecutor.java:110)
	at org.gradle.api.internal.tasks.testing.junit.JUnitTestClassExecutor.execute(JUnitTestClassExecutor.java:58)
	at org.gradle.api.internal.tasks.testing.junit.JUnitTestClassExecutor.execute(JUnitTestClassExecutor.java:38)
	at org.gradle.api.internal.tasks.testing.junit.AbstractJUnitTestClassProcessor.processTestClass(AbstractJUnitTestClassProcessor.java:62)
	at org.gradle.api.internal.tasks.testing.SuiteTestClassProcessor.processTestClass(SuiteTestClassProcessor.java:51)
	at java.base/jdk.internal.reflect.NativeMethodAccessorImpl.invoke0(Native Method)
	at java.base/jdk.internal.reflect.NativeMethodAccessorImpl.invoke(NativeMethodAccessorImpl.java:62)
	at java.base/jdk.internal.reflect.DelegatingMethodAccessorImpl.invoke(DelegatingMethodAccessorImpl.java:43)
	at java.base/java.lang.reflect.Method.invoke(Method.java:566)
	at org.gradle.internal.dispatch.ReflectionDispatch.dispatch(ReflectionDispatch.java:36)
	at org.gradle.internal.dispatch.ReflectionDispatch.dispatch(ReflectionDispatch.java:24)
	at org.gradle.internal.dispatch.ContextClassLoaderDispatch.dispatch(ContextClassLoaderDispatch.java:33)
	at org.gradle.internal.dispatch.ProxyDispatchAdapter$DispatchingInvocationHandler.invoke(ProxyDispatchAdapter.java:94)
	at com.sun.proxy.$Proxy2.processTestClass(Unknown Source)
	at org.gradle.api.internal.tasks.testing.worker.TestWorker.processTestClass(TestWorker.java:119)
	at java.base/jdk.internal.reflect.NativeMethodAccessorImpl.invoke0(Native Method)
	at java.base/jdk.internal.reflect.NativeMethodAccessorImpl.invoke(NativeMethodAccessorImpl.java:62)
	at java.base/jdk.internal.reflect.DelegatingMethodAccessorImpl.invoke(DelegatingMethodAccessorImpl.java:43)
	at java.base/java.lang.reflect.Method.invoke(Method.java:566)
	at org.gradle.internal.dispatch.ReflectionDispatch.dispatch(ReflectionDispatch.java:36)
	at org.gradle.internal.dispatch.ReflectionDispatch.dispatch(ReflectionDispatch.java:24)
	at org.gradle.internal.remote.internal.hub.MessageHubBackedObjectConnection$DispatchWrapper.dispatch(MessageHubBackedObjectConnection.java:182)
	at org.gradle.internal.remote.internal.hub.MessageHubBackedObjectConnection$DispatchWrapper.dispatch(MessageHubBackedObjectConnection.java:164)
	at org.gradle.internal.remote.internal.hub.MessageHub$Handler.run(MessageHub.java:414)
	at org.gradle.internal.concurrent.ExecutorPolicy$CatchAndRecordFailures.onExecute(ExecutorPolicy.java:64)
	at org.gradle.internal.concurrent.ManagedExecutorImpl$1.run(ManagedExecutorImpl.java:48)
	at java.base/java.util.concurrent.ThreadPoolExecutor.runWorker(ThreadPoolExecutor.java:1128)
	at java.base/java.util.concurrent.ThreadPoolExecutor$Worker.run(ThreadPoolExecutor.java:628)
	at org.gradle.internal.concurrent.ThreadFactoryImpl$ManagedThreadRunnable.run(ThreadFactoryImpl.java:56)
	at java.base/java.lang.Thread.run(Thread.java:834)
</failure>
  </testcase>
  <testcase name="givenPassword_WhenContainsNoUpperCase_ShouldReturnFalse" classname="com.bridgelabz.UserRegistrationJunitTest" time="0.003"/>
  <system-out><![CDATA[Password is Valid
Invalid 
 Enter a valid Email
Invalid 
 Enter valid name
First Name is Valid
Password is Valid
Invalid 
 Enter valid Last Name
Email is Valid
Email is Valid
Phone number is Valid
Invalid 
 Enter valid name
Invalid 
 Enter Valid Password
Invalid 
 Enter a valid number
Email is Valid
Invalid 
 Enter a valid number
Last Name is Valid
Invalid 
 Enter valid Last Name
Phone number is Valid
Password is Valid
Password is Valid
Invalid 
 Enter Valid Password
Invalid 
 Enter Valid Password
Invalid 
 Enter Valid Password
]]></system-out>
  <system-err><![CDATA[]]></system-err>
</testsuite>
